<?xml version="1.0" encoding="UTF-8"?>
<testsuite xmlns:xsi="http://www.w3.org/2001/XMLSchema-instance" xsi:noNamespaceSchemaLocation="https://maven.apache.org/surefire/maven-surefire-plugin/xsd/surefire-test-report-3.0.xsd" version="3.0" name="com.dwes.demo.JabonesApplicationTests" time="7.251" tests="1" errors="0" skipped="0" failures="0">
  <properties>
[...]
</properties>
  <testcase name="contextLoads" classname="com.dwes.demo.JabonesApplicationTests" time="0.442">
    <system-out><![CDATA[13:45:14.189 [main] INFO org.springframework.boot.devtools.restart.RestartApplicationListener -- Restart disabled due to context in which it is running

  .   ____          _            __ _ _
 /\\ / ___'_ __ _ _(_)_ __  __ _ \ \ \ \
( ( )\___ | '_ | '_| | '_ \/ _` | \ \ \ \
 \\/  ___)| |_)| | | | | || (_| |  ) ) ) )
  '  |____| .__|_| |_|_| |_\__, | / / / /
 =========|_|==============|___/=/_/_/_/
 :: Spring Boot ::                (v3.2.1)

2025-03-07 13:45:14  INFO o.h.validator.internal.util.Version      : HV000001: Hibernate Validator 8.0.1.Final
2025-03-07 13:45:14  INFO com.dwes.demo.JabonesApplicationTests    : Starting JabonesApplicationTests using Java 21.0.5 with PID 13761 (started by ehko in /home/ehko/Documentos/git_projects/API_Jabones)
2025-03-07 13:45:14  INFO com.dwes.demo.JabonesApplicationTests    : No active profile set, falling back to 1 default profile: "default"
2025-03-07 13:45:15  INFO .s.d.r.c.RepositoryConfigurationDelegate : Bootstrapping Spring Data JPA repositories in DEFAULT mode.
2025-03-07 13:45:15  INFO .s.d.r.c.RepositoryConfigurationDelegate : Finished Spring Data repository scanning in 38 ms. Found 2 JPA repository interfaces.
2025-03-07 13:45:16  INFO o.hibernate.jpa.internal.util.LogHelper  : HHH000204: Processing PersistenceUnitInfo [name: default]
2025-03-07 13:45:16  INFO org.hibernate.Version                    : HHH000412: Hibernate ORM core version 6.4.1.Final
2025-03-07 13:45:16  INFO o.h.c.internal.RegionFactoryInitiator    : HHH000026: Second-level cache disabled
2025-03-07 13:45:16  INFO o.s.o.j.p.SpringPersistenceUnitInfo      : No LoadTimeWeaver setup: ignoring JPA class transformer
2025-03-07 13:45:16  INFO com.zaxxer.hikari.HikariDataSource       : HikariPool-1 - Starting...
2025-03-07 13:45:16  INFO com.zaxxer.hikari.pool.HikariPool        : HikariPool-1 - Added connection org.sqlite.jdbc4.JDBC4Connection@28b5662d
2025-03-07 13:45:16  INFO com.zaxxer.hikari.HikariDataSource       : HikariPool-1 - Start completed.
2025-03-07 13:45:16  WARN o.h.boot.model.internal.EntityBinder     : HHH000139: Illegal use of @Table in a subclass of a SINGLE_TABLE hierarchy: com.dwes.api.entidades.Jabon
2025-03-07 13:45:17  INFO o.h.e.t.j.p.i.JtaPlatformInitiator       : HHH000489: No JTA platform available (set 'hibernate.transaction.jta.platform' to enable JTA platform integration)
Hibernate: 
    create table ingredientes (
        id integer,
        cantidad varchar(255),
        elemento varchar(255),
        jabon_id bigint,
        primary key (id)
    )
Hibernate: 
    create table pedidos (
        id integer,
        cantidad integer not null,
        codigo_unico varchar(255) not null unique,
        estado varchar(255) check (estado in ('PENDIENTE','CONFIRMADO','EN_PROCESO','ENVIADO','ENTREGADO','CANCELADO')),
        fecha timestamp,
        calle varchar(255),
        ciudad varchar(255),
        codigo_postal varchar(255),
        pais varchar(255),
        producto_id bigint,
        usuario_id bigint,
        primary key (id)
    )
Hibernate: 
    create table productos (
        dtype varchar(31) not null,
        id integer,
        descripcion varchar(500),
        imagen_url varchar(255),
        nombre varchar(100) not null,
        precio float not null,
        stock integer not null check (stock>=0),
        aroma varchar(255),
        tipo_de_piel varchar(255) check (tipo_de_piel in ('SENSIBLE','SECA','GRASA','MIXTA','NORMAL','PIEL_ANIMAL_SENSIBLE','PIEL_ANIMAL_SECA','PIEL_ANIMAL_GRASA')),
        primary key (id)
    )
Hibernate: 
    create table usuario_rol (
        usuario_id bigint not null,
        roles_usuario varchar(255) check (roles_usuario in ('ROLE_USER','ROLE_ADMIN','ROLE_MANAGER'))
    )
Hibernate: 
    create table usuarios (
        id integer,
        email varchar(255) not null,
        primary key (id)
    )
Hibernate: 
    alter table pedidos 
       drop constraint UK_ln1c78wgrljkpfutkc98obhoe
2025-03-07 13:45:17  INFO j.LocalContainerEntityManagerFactoryBean : Initialized JPA EntityManagerFactory for persistence unit 'default'
2025-03-07 13:45:17  WARN JpaBaseConfiguration$JpaWebConfiguration : spring.jpa.open-in-view is enabled by default. Therefore, database queries may be performed during view rendering. Explicitly configure spring.jpa.open-in-view to disable this warning
2025-03-07 13:45:18  INFO o.s.s.web.DefaultSecurityFilterChain     : Will secure any request with [org.springframework.security.web.session.DisableEncodeUrlFilter@33f059ad, org.springframework.security.web.context.request.async.WebAsyncManagerIntegrationFilter@6c7bc8ac, org.springframework.security.web.context.SecurityContextHolderFilter@2f6ede9, org.springframework.security.web.header.HeaderWriterFilter@4700064f, org.springframework.web.filter.CorsFilter@25131637, org.springframework.security.web.authentication.logout.LogoutFilter@3380313d, org.springframework.security.web.savedrequest.RequestCacheAwareFilter@55854382, org.springframework.security.web.servletapi.SecurityContextHolderAwareRequestFilter@7843b65e, org.springframework.security.web.authentication.AnonymousAuthenticationFilter@5d7f4cbb, org.springframework.security.web.access.ExceptionTranslationFilter@3638120f, org.springframework.security.web.access.intercept.AuthorizationFilter@32cda33c]
2025-03-07 13:45:18  INFO com.dwes.demo.JabonesApplicationTests    : Started JabonesApplicationTests in 4.717 seconds (process running for 5.393)
Hibernate: 
    insert 
    into
        productos
        (descripcion, imagen_url, nombre, precio, stock, aroma, tipo_de_piel, dtype) 
    values
        (?, ?, ?, ?, ?, ?, ?, 'Jabon')
Hibernate: 
    select
        last_insert_rowid()
Hibernate: 
    insert 
    into
        ingredientes
        (cantidad, elemento, jabon_id) 
    values
        (?, ?, ?)
Hibernate: 
    select
        last_insert_rowid()
Hibernate: 
    insert 
    into
        ingredientes
        (cantidad, elemento, jabon_id) 
    values
        (?, ?, ?)
Hibernate: 
    select
        last_insert_rowid()
Hibernate: 
    insert 
    into
        ingredientes
        (cantidad, elemento, jabon_id) 
    values
        (?, ?, ?)
Hibernate: 
    select
        last_insert_rowid()
Hibernate: 
    insert 
    into
        ingredientes
        (cantidad, elemento, jabon_id) 
    values
        (?, ?, ?)
Hibernate: 
    select
        last_insert_rowid()
Hibernate: 
    insert 
    into
        productos
        (descripcion, imagen_url, nombre, precio, stock, aroma, tipo_de_piel, dtype) 
    values
        (?, ?, ?, ?, ?, ?, ?, 'Jabon')
Hibernate: 
    select
        last_insert_rowid()
Hibernate: 
    insert 
    into
        ingredientes
        (cantidad, elemento, jabon_id) 
    values
        (?, ?, ?)
Hibernate: 
    select
        last_insert_rowid()
Hibernate: 
    insert 
    into
        ingredientes
        (cantidad, elemento, jabon_id) 
    values
        (?, ?, ?)
Hibernate: 
    select
        last_insert_rowid()
Hibernate: 
    insert 
    into
        ingredientes
        (cantidad, elemento, jabon_id) 
    values
        (?, ?, ?)
Hibernate: 
    select
        last_insert_rowid()
Hibernate: 
    insert 
    into
        productos
        (descripcion, imagen_url, nombre, precio, stock, aroma, tipo_de_piel, dtype) 
    values
        (?, ?, ?, ?, ?, ?, ?, 'Jabon')
Hibernate: 
    select
        last_insert_rowid()
Hibernate: 
    insert 
    into
        ingredientes
        (cantidad, elemento, jabon_id) 
    values
        (?, ?, ?)
Hibernate: 
    select
        last_insert_rowid()
Hibernate: 
    insert 
    into
        ingredientes
        (cantidad, elemento, jabon_id) 
    values
        (?, ?, ?)
Hibernate: 
    select
        last_insert_rowid()
Hibernate: 
    insert 
    into
        ingredientes
        (cantidad, elemento, jabon_id) 
    values
        (?, ?, ?)
Hibernate: 
    select
        last_insert_rowid()
Hibernate: 
    insert 
    into
        productos
        (descripcion, imagen_url, nombre, precio, stock, aroma, tipo_de_piel, dtype) 
    values
        (?, ?, ?, ?, ?, ?, ?, 'Jabon')
Hibernate: 
    select
        last_insert_rowid()
Hibernate: 
    insert 
    into
        ingredientes
        (cantidad, elemento, jabon_id) 
    values
        (?, ?, ?)
Hibernate: 
    select
        last_insert_rowid()
Hibernate: 
    insert 
    into
        ingredientes
        (cantidad, elemento, jabon_id) 
    values
        (?, ?, ?)
Hibernate: 
    select
        last_insert_rowid()
Hibernate: 
    insert 
    into
        ingredientes
        (cantidad, elemento, jabon_id) 
    values
        (?, ?, ?)
Hibernate: 
    select
        last_insert_rowid()
Hibernate: 
    insert 
    into
        ingredientes
        (cantidad, elemento, jabon_id) 
    values
        (?, ?, ?)
Hibernate: 
    select
        last_insert_rowid()
Hibernate: 
    insert 
    into
        productos
        (descripcion, imagen_url, nombre, precio, stock, aroma, tipo_de_piel, dtype) 
    values
        (?, ?, ?, ?, ?, ?, ?, 'Jabon')
Hibernate: 
    select
        last_insert_rowid()
Hibernate: 
    insert 
    into
        ingredientes
        (cantidad, elemento, jabon_id) 
    values
        (?, ?, ?)
Hibernate: 
    select
        last_insert_rowid()
Hibernate: 
    insert 
    into
        ingredientes
        (cantidad, elemento, jabon_id) 
    values
        (?, ?, ?)
Hibernate: 
    select
        last_insert_rowid()
Hibernate: 
    insert 
    into
        productos
        (descripcion, imagen_url, nombre, precio, stock, aroma, tipo_de_piel, dtype) 
    values
        (?, ?, ?, ?, ?, ?, ?, 'Jabon')
Hibernate: 
    select
        last_insert_rowid()
Hibernate: 
    insert 
    into
        ingredientes
        (cantidad, elemento, jabon_id) 
    values
        (?, ?, ?)
Hibernate: 
    select
        last_insert_rowid()
Hibernate: 
    insert 
    into
        ingredientes
        (cantidad, elemento, jabon_id) 
    values
        (?, ?, ?)
Hibernate: 
    select
        last_insert_rowid()
Hibernate: 
    insert 
    into
        productos
        (descripcion, imagen_url, nombre, precio, stock, aroma, tipo_de_piel, dtype) 
    values
        (?, ?, ?, ?, ?, ?, ?, 'Jabon')
Hibernate: 
    select
        last_insert_rowid()
Hibernate: 
    insert 
    into
        ingredientes
        (cantidad, elemento, jabon_id) 
    values
        (?, ?, ?)
Hibernate: 
    select
        last_insert_rowid()
Hibernate: 
    insert 
    into
        ingredientes
        (cantidad, elemento, jabon_id) 
    values
        (?, ?, ?)
Hibernate: 
    select
        last_insert_rowid()
Hibernate: 
    insert 
    into
        ingredientes
        (cantidad, elemento, jabon_id) 
    values
        (?, ?, ?)
Hibernate: 
    select
        last_insert_rowid()
Hibernate: 
    insert 
    into
        productos
        (descripcion, imagen_url, nombre, precio, stock, aroma, tipo_de_piel, dtype) 
    values
        (?, ?, ?, ?, ?, ?, ?, 'Jabon')
Hibernate: 
    select
        last_insert_rowid()
Hibernate: 
    insert 
    into
        ingredientes
        (cantidad, elemento, jabon_id) 
    values
        (?, ?, ?)
Hibernate: 
    select
        last_insert_rowid()
Hibernate: 
    insert 
    into
        productos
        (descripcion, imagen_url, nombre, precio, stock, aroma, tipo_de_piel, dtype) 
    values
        (?, ?, ?, ?, ?, ?, ?, 'Jabon')
Hibernate: 
    select
        last_insert_rowid()
Hibernate: 
    insert 
    into
        ingredientes
        (cantidad, elemento, jabon_id) 
    values
        (?, ?, ?)
Hibernate: 
    select
        last_insert_rowid()
Hibernate: 
    insert 
    into
        ingredientes
        (cantidad, elemento, jabon_id) 
    values
        (?, ?, ?)
Hibernate: 
    select
        last_insert_rowid()
Hibernate: 
    insert 
    into
        productos
        (descripcion, imagen_url, nombre, precio, stock, aroma, tipo_de_piel, dtype) 
    values
        (?, ?, ?, ?, ?, ?, ?, 'Jabon')
Hibernate: 
    select
        last_insert_rowid()
Hibernate: 
    insert 
    into
        ingredientes
        (cantidad, elemento, jabon_id) 
    values
        (?, ?, ?)
Hibernate: 
    select
        last_insert_rowid()
Hibernate: 
    insert 
    into
        ingredientes
        (cantidad, elemento, jabon_id) 
    values
        (?, ?, ?)
Hibernate: 
    select
        last_insert_rowid()
Hibernate: 
    insert 
    into
        ingredientes
        (cantidad, elemento, jabon_id) 
    values
        (?, ?, ?)
Hibernate: 
    select
        last_insert_rowid()
Hibernate: 
    insert 
    into
        ingredientes
        (cantidad, elemento, jabon_id) 
    values
        (?, ?, ?)
Hibernate: 
    select
        last_insert_rowid()
Hibernate: 
    insert 
    into
        productos
        (descripcion, imagen_url, nombre, precio, stock, aroma, tipo_de_piel, dtype) 
    values
        (?, ?, ?, ?, ?, ?, ?, 'Jabon')
Hibernate: 
    select
        last_insert_rowid()
Hibernate: 
    insert 
    into
        ingredientes
        (cantidad, elemento, jabon_id) 
    values
        (?, ?, ?)
Hibernate: 
    select
        last_insert_rowid()
Hibernate: 
    insert 
    into
        ingredientes
        (cantidad, elemento, jabon_id) 
    values
        (?, ?, ?)
Hibernate: 
    select
        last_insert_rowid()
Hibernate: 
    insert 
    into
        ingredientes
        (cantidad, elemento, jabon_id) 
    values
        (?, ?, ?)
Hibernate: 
    select
        last_insert_rowid()
Hibernate: 
    insert 
    into
        ingredientes
        (cantidad, elemento, jabon_id) 
    values
        (?, ?, ?)
Hibernate: 
    select
        last_insert_rowid()
Hibernate: 
    insert 
    into
        productos
        (descripcion, imagen_url, nombre, precio, stock, aroma, tipo_de_piel, dtype) 
    values
        (?, ?, ?, ?, ?, ?, ?, 'Jabon')
Hibernate: 
    select
        last_insert_rowid()
Hibernate: 
    insert 
    into
        ingredientes
        (cantidad, elemento, jabon_id) 
    values
        (?, ?, ?)
Hibernate: 
    select
        last_insert_rowid()
Hibernate: 
    insert 
    into
        ingredientes
        (cantidad, elemento, jabon_id) 
    values
        (?, ?, ?)
Hibernate: 
    select
        last_insert_rowid()
Hibernate: 
    insert 
    into
        ingredientes
        (cantidad, elemento, jabon_id) 
    values
        (?, ?, ?)
Hibernate: 
    select
        last_insert_rowid()
Hibernate: 
    insert 
    into
        productos
        (descripcion, imagen_url, nombre, precio, stock, aroma, tipo_de_piel, dtype) 
    values
        (?, ?, ?, ?, ?, ?, ?, 'Jabon')
Hibernate: 
    select
        last_insert_rowid()
Hibernate: 
    insert 
    into
        ingredientes
        (cantidad, elemento, jabon_id) 
    values
        (?, ?, ?)
Hibernate: 
    select
        last_insert_rowid()
Hibernate: 
    insert 
    into
        ingredientes
        (cantidad, elemento, jabon_id) 
    values
        (?, ?, ?)
Hibernate: 
    select
        last_insert_rowid()
Hibernate: 
    insert 
    into
        ingredientes
        (cantidad, elemento, jabon_id) 
    values
        (?, ?, ?)
Hibernate: 
    select
        last_insert_rowid()
Hibernate: 
    insert 
    into
        productos
        (descripcion, imagen_url, nombre, precio, stock, aroma, tipo_de_piel, dtype) 
    values
        (?, ?, ?, ?, ?, ?, ?, 'Jabon')
Hibernate: 
    select
        last_insert_rowid()
Hibernate: 
    insert 
    into
        ingredientes
        (cantidad, elemento, jabon_id) 
    values
        (?, ?, ?)
Hibernate: 
    select
        last_insert_rowid()
Hibernate: 
    insert 
    into
        ingredientes
        (cantidad, elemento, jabon_id) 
    values
        (?, ?, ?)
Hibernate: 
    select
        last_insert_rowid()
Hibernate: 
    insert 
    into
        ingredientes
        (cantidad, elemento, jabon_id) 
    values
        (?, ?, ?)
Hibernate: 
    select
        last_insert_rowid()
Hibernate: 
    insert 
    into
        productos
        (descripcion, imagen_url, nombre, precio, stock, aroma, tipo_de_piel, dtype) 
    values
        (?, ?, ?, ?, ?, ?, ?, 'Jabon')
Hibernate: 
    select
        last_insert_rowid()
Hibernate: 
    insert 
    into
        ingredientes
        (cantidad, elemento, jabon_id) 
    values
        (?, ?, ?)
Hibernate: 
    select
        last_insert_rowid()
Hibernate: 
    insert 
    into
        productos
        (descripcion, imagen_url, nombre, precio, stock, aroma, tipo_de_piel, dtype) 
    values
        (?, ?, ?, ?, ?, ?, ?, 'Jabon')
Hibernate: 
    select
        last_insert_rowid()
Hibernate: 
    insert 
    into
        ingredientes
        (cantidad, elemento, jabon_id) 
    values
        (?, ?, ?)
Hibernate: 
    select
        last_insert_rowid()
Hibernate: 
    insert 
    into
        ingredientes
        (cantidad, elemento, jabon_id) 
    values
        (?, ?, ?)
Hibernate: 
    select
        last_insert_rowid()
Hibernate: 
    insert 
    into
        ingredientes
        (cantidad, elemento, jabon_id) 
    values
        (?, ?, ?)
Hibernate: 
    select
        last_insert_rowid()
Hibernate: 
    insert 
    into
        productos
        (descripcion, imagen_url, nombre, precio, stock, aroma, tipo_de_piel, dtype) 
    values
        (?, ?, ?, ?, ?, ?, ?, 'Jabon')
Hibernate: 
    select
        last_insert_rowid()
Hibernate: 
    insert 
    into
        ingredientes
        (cantidad, elemento, jabon_id) 
    values
        (?, ?, ?)
Hibernate: 
    select
        last_insert_rowid()
Hibernate: 
    insert 
    into
        ingredientes
        (cantidad, elemento, jabon_id) 
    values
        (?, ?, ?)
Hibernate: 
    select
        last_insert_rowid()
Hibernate: 
    insert 
    into
        ingredientes
        (cantidad, elemento, jabon_id) 
    values
        (?, ?, ?)
Hibernate: 
    select
        last_insert_rowid()
Hibernate: 
    insert 
    into
        ingredientes
        (cantidad, elemento, jabon_id) 
    values
        (?, ?, ?)
Hibernate: 
    select
        last_insert_rowid()
Hibernate: 
    insert 
    into
        productos
        (descripcion, imagen_url, nombre, precio, stock, aroma, tipo_de_piel, dtype) 
    values
        (?, ?, ?, ?, ?, ?, ?, 'Jabon')
Hibernate: 
    select
        last_insert_rowid()
Hibernate: 
    insert 
    into
        ingredientes
        (cantidad, elemento, jabon_id) 
    values
        (?, ?, ?)
Hibernate: 
    select
        last_insert_rowid()
Hibernate: 
    insert 
    into
        ingredientes
        (cantidad, elemento, jabon_id) 
    values
        (?, ?, ?)
Hibernate: 
    select
        last_insert_rowid()
Hibernate: 
    insert 
    into
        ingredientes
        (cantidad, elemento, jabon_id) 
    values
        (?, ?, ?)
Hibernate: 
    select
        last_insert_rowid()
Hibernate: 
    insert 
    into
        ingredientes
        (cantidad, elemento, jabon_id) 
    values
        (?, ?, ?)
Hibernate: 
    select
        last_insert_rowid()
Hibernate: 
    insert 
    into
        productos
        (descripcion, imagen_url, nombre, precio, stock, aroma, tipo_de_piel, dtype) 
    values
        (?, ?, ?, ?, ?, ?, ?, 'Jabon')
Hibernate: 
    select
        last_insert_rowid()
Hibernate: 
    insert 
    into
        ingredientes
        (cantidad, elemento, jabon_id) 
    values
        (?, ?, ?)
Hibernate: 
    select
        last_insert_rowid()
Hibernate: 
    insert 
    into
        ingredientes
        (cantidad, elemento, jabon_id) 
    values
        (?, ?, ?)
Hibernate: 
    select
        last_insert_rowid()
Hibernate: 
    insert 
    into
        productos
        (descripcion, imagen_url, nombre, precio, stock, aroma, tipo_de_piel, dtype) 
    values
        (?, ?, ?, ?, ?, ?, ?, 'Jabon')
Hibernate: 
    select
        last_insert_rowid()
Hibernate: 
    insert 
    into
        ingredientes
        (cantidad, elemento, jabon_id) 
    values
        (?, ?, ?)
Hibernate: 
    select
        last_insert_rowid()
Hibernate: 
    insert 
    into
        ingredientes
        (cantidad, elemento, jabon_id) 
    values
        (?, ?, ?)
Hibernate: 
    select
        last_insert_rowid()
Hibernate: 
    insert 
    into
        ingredientes
        (cantidad, elemento, jabon_id) 
    values
        (?, ?, ?)
Hibernate: 
    select
        last_insert_rowid()
Hibernate: 
    insert 
    into
        productos
        (descripcion, imagen_url, nombre, precio, stock, aroma, tipo_de_piel, dtype) 
    values
        (?, ?, ?, ?, ?, ?, ?, 'Jabon')
Hibernate: 
    select
        last_insert_rowid()
Hibernate: 
    insert 
    into
        ingredientes
        (cantidad, elemento, jabon_id) 
    values
        (?, ?, ?)
Hibernate: 
    select
        last_insert_rowid()
Hibernate: 
    insert 
    into
        productos
        (descripcion, imagen_url, nombre, precio, stock, aroma, tipo_de_piel, dtype) 
    values
        (?, ?, ?, ?, ?, ?, ?, 'Jabon')
Hibernate: 
    select
        last_insert_rowid()
Hibernate: 
    insert 
    into
        ingredientes
        (cantidad, elemento, jabon_id) 
    values
        (?, ?, ?)
Hibernate: 
    select
        last_insert_rowid()
Hibernate: 
    insert 
    into
        ingredientes
        (cantidad, elemento, jabon_id) 
    values
        (?, ?, ?)
Hibernate: 
    select
        last_insert_rowid()
Hibernate: 
    insert 
    into
        ingredientes
        (cantidad, elemento, jabon_id) 
    values
        (?, ?, ?)
Hibernate: 
    select
        last_insert_rowid()
Hibernate: 
    insert 
    into
        productos
        (descripcion, imagen_url, nombre, precio, stock, aroma, tipo_de_piel, dtype) 
    values
        (?, ?, ?, ?, ?, ?, ?, 'Jabon')
Hibernate: 
    select
        last_insert_rowid()
Hibernate: 
    insert 
    into
        ingredientes
        (cantidad, elemento, jabon_id) 
    values
        (?, ?, ?)
Hibernate: 
    select
        last_insert_rowid()
Hibernate: 
    insert 
    into
        ingredientes
        (cantidad, elemento, jabon_id) 
    values
        (?, ?, ?)
Hibernate: 
    select
        last_insert_rowid()
Hibernate: 
    insert 
    into
        ingredientes
        (cantidad, elemento, jabon_id) 
    values
        (?, ?, ?)
Hibernate: 
    select
        last_insert_rowid()
Hibernate: 
    insert 
    into
        ingredientes
        (cantidad, elemento, jabon_id) 
    values
        (?, ?, ?)
Hibernate: 
    select
        last_insert_rowid()
Hibernate: 
    insert 
    into
        productos
        (descripcion, imagen_url, nombre, precio, stock, aroma, tipo_de_piel, dtype) 
    values
        (?, ?, ?, ?, ?, ?, ?, 'Jabon')
Hibernate: 
    select
        last_insert_rowid()
Hibernate: 
    insert 
    into
        ingredientes
        (cantidad, elemento, jabon_id) 
    values
        (?, ?, ?)
Hibernate: 
    select
        last_insert_rowid()
Hibernate: 
    insert 
    into
        ingredientes
        (cantidad, elemento, jabon_id) 
    values
        (?, ?, ?)
Hibernate: 
    select
        last_insert_rowid()
Hibernate: 
    insert 
    into
        productos
        (descripcion, imagen_url, nombre, precio, stock, aroma, tipo_de_piel, dtype) 
    values
        (?, ?, ?, ?, ?, ?, ?, 'Jabon')
Hibernate: 
    select
        last_insert_rowid()
Hibernate: 
    insert 
    into
        ingredientes
        (cantidad, elemento, jabon_id) 
    values
        (?, ?, ?)
Hibernate: 
    select
        last_insert_rowid()
Hibernate: 
    insert 
    into
        ingredientes
        (cantidad, elemento, jabon_id) 
    values
        (?, ?, ?)
Hibernate: 
    select
        last_insert_rowid()
Hibernate: 
    insert 
    into
        ingredientes
        (cantidad, elemento, jabon_id) 
    values
        (?, ?, ?)
Hibernate: 
    select
        last_insert_rowid()
Hibernate: 
    insert 
    into
        ingredientes
        (cantidad, elemento, jabon_id) 
    values
        (?, ?, ?)
Hibernate: 
    select
        last_insert_rowid()
Hibernate: 
    insert 
    into
        productos
        (descripcion, imagen_url, nombre, precio, stock, aroma, tipo_de_piel, dtype) 
    values
        (?, ?, ?, ?, ?, ?, ?, 'Jabon')
Hibernate: 
    select
        last_insert_rowid()
Hibernate: 
    insert 
    into
        ingredientes
        (cantidad, elemento, jabon_id) 
    values
        (?, ?, ?)
Hibernate: 
    select
        last_insert_rowid()
Hibernate: 
    insert 
    into
        ingredientes
        (cantidad, elemento, jabon_id) 
    values
        (?, ?, ?)
Hibernate: 
    select
        last_insert_rowid()
Hibernate: 
    insert 
    into
        ingredientes
        (cantidad, elemento, jabon_id) 
    values
        (?, ?, ?)
Hibernate: 
    select
        last_insert_rowid()
Hibernate: 
    insert 
    into
        ingredientes
        (cantidad, elemento, jabon_id) 
    values
        (?, ?, ?)
Hibernate: 
    select
        last_insert_rowid()
Hibernate: 
    insert 
    into
        productos
        (descripcion, imagen_url, nombre, precio, stock, aroma, tipo_de_piel, dtype) 
    values
        (?, ?, ?, ?, ?, ?, ?, 'Jabon')
Hibernate: 
    select
        last_insert_rowid()
Hibernate: 
    insert 
    into
        ingredientes
        (cantidad, elemento, jabon_id) 
    values
        (?, ?, ?)
Hibernate: 
    select
        last_insert_rowid()
Hibernate: 
    insert 
    into
        productos
        (descripcion, imagen_url, nombre, precio, stock, aroma, tipo_de_piel, dtype) 
    values
        (?, ?, ?, ?, ?, ?, ?, 'Jabon')
Hibernate: 
    select
        last_insert_rowid()
Hibernate: 
    insert 
    into
        ingredientes
        (cantidad, elemento, jabon_id) 
    values
        (?, ?, ?)
Hibernate: 
    select
        last_insert_rowid()
Hibernate: 
    insert 
    into
        ingredientes
        (cantidad, elemento, jabon_id) 
    values
        (?, ?, ?)
Hibernate: 
    select
        last_insert_rowid()
Hibernate: 
    insert 
    into
        ingredientes
        (cantidad, elemento, jabon_id) 
    values
        (?, ?, ?)
Hibernate: 
    select
        last_insert_rowid()
Hibernate: 
    insert 
    into
        ingredientes
        (cantidad, elemento, jabon_id) 
    values
        (?, ?, ?)
Hibernate: 
    select
        last_insert_rowid()
Hibernate: 
    insert 
    into
        productos
        (descripcion, imagen_url, nombre, precio, stock, aroma, tipo_de_piel, dtype) 
    values
        (?, ?, ?, ?, ?, ?, ?, 'Jabon')
Hibernate: 
    select
        last_insert_rowid()
Hibernate: 
    insert 
    into
        ingredientes
        (cantidad, elemento, jabon_id) 
    values
        (?, ?, ?)
Hibernate: 
    select
        last_insert_rowid()
Hibernate: 
    insert 
    into
        ingredientes
        (cantidad, elemento, jabon_id) 
    values
        (?, ?, ?)
Hibernate: 
    select
        last_insert_rowid()
Hibernate: 
    insert 
    into
        ingredientes
        (cantidad, elemento, jabon_id) 
    values
        (?, ?, ?)
Hibernate: 
    select
        last_insert_rowid()
Hibernate: 
    insert 
    into
        productos
        (descripcion, imagen_url, nombre, precio, stock, aroma, tipo_de_piel, dtype) 
    values
        (?, ?, ?, ?, ?, ?, ?, 'Jabon')
Hibernate: 
    select
        last_insert_rowid()
Hibernate: 
    insert 
    into
        ingredientes
        (cantidad, elemento, jabon_id) 
    values
        (?, ?, ?)
Hibernate: 
    select
        last_insert_rowid()
Hibernate: 
    insert 
    into
        ingredientes
        (cantidad, elemento, jabon_id) 
    values
        (?, ?, ?)
Hibernate: 
    select
        last_insert_rowid()
Hibernate: 
    insert 
    into
        ingredientes
        (cantidad, elemento, jabon_id) 
    values
        (?, ?, ?)
Hibernate: 
    select
        last_insert_rowid()
Hibernate: 
    insert 
    into
        productos
        (descripcion, imagen_url, nombre, precio, stock, aroma, tipo_de_piel, dtype) 
    values
        (?, ?, ?, ?, ?, ?, ?, 'Jabon')
Hibernate: 
    select
        last_insert_rowid()
Hibernate: 
    insert 
    into
        ingredientes
        (cantidad, elemento, jabon_id) 
    values
        (?, ?, ?)
Hibernate: 
    select
        last_insert_rowid()
Hibernate: 
    insert 
    into
        ingredientes
        (cantidad, elemento, jabon_id) 
    values
        (?, ?, ?)
Hibernate: 
    select
        last_insert_rowid()
Hibernate: 
    insert 
    into
        ingredientes
        (cantidad, elemento, jabon_id) 
    values
        (?, ?, ?)
Hibernate: 
    select
        last_insert_rowid()
Hibernate: 
    insert 
    into
        productos
        (descripcion, imagen_url, nombre, precio, stock, aroma, tipo_de_piel, dtype) 
    values
        (?, ?, ?, ?, ?, ?, ?, 'Jabon')
Hibernate: 
    select
        last_insert_rowid()
Hibernate: 
    insert 
    into
        ingredientes
        (cantidad, elemento, jabon_id) 
    values
        (?, ?, ?)
Hibernate: 
    select
        last_insert_rowid()
Hibernate: 
    insert 
    into
        ingredientes
        (cantidad, elemento, jabon_id) 
    values
        (?, ?, ?)
Hibernate: 
    select
        last_insert_rowid()
Hibernate: 
    insert 
    into
        ingredientes
        (cantidad, elemento, jabon_id) 
    values
        (?, ?, ?)
Hibernate: 
    select
        last_insert_rowid()
Hibernate: 
    insert 
    into
        productos
        (descripcion, imagen_url, nombre, precio, stock, aroma, tipo_de_piel, dtype) 
    values
        (?, ?, ?, ?, ?, ?, ?, 'Jabon')
Hibernate: 
    select
        last_insert_rowid()
Hibernate: 
    insert 
    into
        ingredientes
        (cantidad, elemento, jabon_id) 
    values
        (?, ?, ?)
Hibernate: 
    select
        last_insert_rowid()
Hibernate: 
    insert 
    into
        ingredientes
        (cantidad, elemento, jabon_id) 
    values
        (?, ?, ?)
Hibernate: 
    select
        last_insert_rowid()
Hibernate: 
    insert 
    into
        ingredientes
        (cantidad, elemento, jabon_id) 
    values
        (?, ?, ?)
Hibernate: 
    select
        last_insert_rowid()
Hibernate: 
    insert 
    into
        productos
        (descripcion, imagen_url, nombre, precio, stock, aroma, tipo_de_piel, dtype) 
    values
        (?, ?, ?, ?, ?, ?, ?, 'Jabon')
Hibernate: 
    select
        last_insert_rowid()
Hibernate: 
    insert 
    into
        ingredientes
        (cantidad, elemento, jabon_id) 
    values
        (?, ?, ?)
Hibernate: 
    select
        last_insert_rowid()
Hibernate: 
    insert 
    into
        ingredientes
        (cantidad, elemento, jabon_id) 
    values
        (?, ?, ?)
Hibernate: 
    select
        last_insert_rowid()
Hibernate: 
    insert 
    into
        ingredientes
        (cantidad, elemento, jabon_id) 
    values
        (?, ?, ?)
Hibernate: 
    select
        last_insert_rowid()
Hibernate: 
    insert 
    into
        ingredientes
        (cantidad, elemento, jabon_id) 
    values
        (?, ?, ?)
Hibernate: 
    select
        last_insert_rowid()
Hibernate: 
    insert 
    into
        productos
        (descripcion, imagen_url, nombre, precio, stock, aroma, tipo_de_piel, dtype) 
    values
        (?, ?, ?, ?, ?, ?, ?, 'Jabon')
Hibernate: 
    select
        last_insert_rowid()
Hibernate: 
    insert 
    into
        ingredientes
        (cantidad, elemento, jabon_id) 
    values
        (?, ?, ?)
Hibernate: 
    select
        last_insert_rowid()
Hibernate: 
    insert 
    into
        ingredientes
        (cantidad, elemento, jabon_id) 
    values
        (?, ?, ?)
Hibernate: 
    select
        last_insert_rowid()
Hibernate: 
    insert 
    into
        ingredientes
        (cantidad, elemento, jabon_id) 
    values
        (?, ?, ?)
Hibernate: 
    select
        last_insert_rowid()
Hibernate: 
    insert 
    into
        ingredientes
        (cantidad, elemento, jabon_id) 
    values
        (?, ?, ?)
Hibernate: 
    select
        last_insert_rowid()
Hibernate: 
    insert 
    into
        productos
        (descripcion, imagen_url, nombre, precio, stock, aroma, tipo_de_piel, dtype) 
    values
        (?, ?, ?, ?, ?, ?, ?, 'Jabon')
Hibernate: 
    select
        last_insert_rowid()
Hibernate: 
    insert 
    into
        ingredientes
        (cantidad, elemento, jabon_id) 
    values
        (?, ?, ?)
Hibernate: 
    select
        last_insert_rowid()
Hibernate: 
    insert 
    into
        ingredientes
        (cantidad, elemento, jabon_id) 
    values
        (?, ?, ?)
Hibernate: 
    select
        last_insert_rowid()
Hibernate: 
    insert 
    into
        ingredientes
        (cantidad, elemento, jabon_id) 
    values
        (?, ?, ?)
Hibernate: 
    select
        last_insert_rowid()
Hibernate: 
    insert 
    into
        productos
        (descripcion, imagen_url, nombre, precio, stock, aroma, tipo_de_piel, dtype) 
    values
        (?, ?, ?, ?, ?, ?, ?, 'Jabon')
Hibernate: 
    select
        last_insert_rowid()
Hibernate: 
    insert 
    into
        ingredientes
        (cantidad, elemento, jabon_id) 
    values
        (?, ?, ?)
Hibernate: 
    select
        last_insert_rowid()
Hibernate: 
    insert 
    into
        productos
        (descripcion, imagen_url, nombre, precio, stock, aroma, tipo_de_piel, dtype) 
    values
        (?, ?, ?, ?, ?, ?, ?, 'Jabon')
Hibernate: 
    select
        last_insert_rowid()
Hibernate: 
    insert 
    into
        ingredientes
        (cantidad, elemento, jabon_id) 
    values
        (?, ?, ?)
Hibernate: 
    select
        last_insert_rowid()
Hibernate: 
    insert 
    into
        ingredientes
        (cantidad, elemento, jabon_id) 
    values
        (?, ?, ?)
Hibernate: 
    select
        last_insert_rowid()
Hibernate: 
    insert 
    into
        ingredientes
        (cantidad, elemento, jabon_id) 
    values
        (?, ?, ?)
Hibernate: 
    select
        last_insert_rowid()
Hibernate: 
    insert 
    into
        ingredientes
        (cantidad, elemento, jabon_id) 
    values
        (?, ?, ?)
Hibernate: 
    select
        last_insert_rowid()
Hibernate: 
    insert 
    into
        productos
        (descripcion, imagen_url, nombre, precio, stock, aroma, tipo_de_piel, dtype) 
    values
        (?, ?, ?, ?, ?, ?, ?, 'Jabon')
Hibernate: 
    select
        last_insert_rowid()
Hibernate: 
    insert 
    into
        ingredientes
        (cantidad, elemento, jabon_id) 
    values
        (?, ?, ?)
Hibernate: 
    select
        last_insert_rowid()
Hibernate: 
    insert 
    into
        ingredientes
        (cantidad, elemento, jabon_id) 
    values
        (?, ?, ?)
Hibernate: 
    select
        last_insert_rowid()
Hibernate: 
    insert 
    into
        productos
        (descripcion, imagen_url, nombre, precio, stock, aroma, tipo_de_piel, dtype) 
    values
        (?, ?, ?, ?, ?, ?, ?, 'Jabon')
Hibernate: 
    select
        last_insert_rowid()
Hibernate: 
    insert 
    into
        ingredientes
        (cantidad, elemento, jabon_id) 
    values
        (?, ?, ?)
Hibernate: 
    select
        last_insert_rowid()
Hibernate: 
    insert 
    into
        ingredientes
        (cantidad, elemento, jabon_id) 
    values
        (?, ?, ?)
Hibernate: 
    select
        last_insert_rowid()
Hibernate: 
    insert 
    into
        ingredientes
        (cantidad, elemento, jabon_id) 
    values
        (?, ?, ?)
Hibernate: 
    select
        last_insert_rowid()
Hibernate: 
    insert 
    into
        productos
        (descripcion, imagen_url, nombre, precio, stock, aroma, tipo_de_piel, dtype) 
    values
        (?, ?, ?, ?, ?, ?, ?, 'Jabon')
Hibernate: 
    select
        last_insert_rowid()
Hibernate: 
    insert 
    into
        ingredientes
        (cantidad, elemento, jabon_id) 
    values
        (?, ?, ?)
Hibernate: 
    select
        last_insert_rowid()
Hibernate: 
    insert 
    into
        ingredientes
        (cantidad, elemento, jabon_id) 
    values
        (?, ?, ?)
Hibernate: 
    select
        last_insert_rowid()
Hibernate: 
    insert 
    into
        productos
        (descripcion, imagen_url, nombre, precio, stock, aroma, tipo_de_piel, dtype) 
    values
        (?, ?, ?, ?, ?, ?, ?, 'Jabon')
Hibernate: 
    select
        last_insert_rowid()
Hibernate: 
    insert 
    into
        ingredientes
        (cantidad, elemento, jabon_id) 
    values
        (?, ?, ?)
Hibernate: 
    select
        last_insert_rowid()
Hibernate: 
    insert 
    into
        ingredientes
        (cantidad, elemento, jabon_id) 
    values
        (?, ?, ?)
Hibernate: 
    select
        last_insert_rowid()
Hibernate: 
    insert 
    into
        ingredientes
        (cantidad, elemento, jabon_id) 
    values
        (?, ?, ?)
Hibernate: 
    select
        last_insert_rowid()
Hibernate: 
    insert 
    into
        productos
        (descripcion, imagen_url, nombre, precio, stock, aroma, tipo_de_piel, dtype) 
    values
        (?, ?, ?, ?, ?, ?, ?, 'Jabon')
Hibernate: 
    select
        last_insert_rowid()
Hibernate: 
    insert 
    into
        ingredientes
        (cantidad, elemento, jabon_id) 
    values
        (?, ?, ?)
Hibernate: 
    select
        last_insert_rowid()
Hibernate: 
    insert 
    into
        ingredientes
        (cantidad, elemento, jabon_id) 
    values
        (?, ?, ?)
Hibernate: 
    select
        last_insert_rowid()
Hibernate: 
    insert 
    into
        ingredientes
        (cantidad, elemento, jabon_id) 
    values
        (?, ?, ?)
Hibernate: 
    select
        last_insert_rowid()
Hibernate: 
    insert 
    into
        productos
        (descripcion, imagen_url, nombre, precio, stock, aroma, tipo_de_piel, dtype) 
    values
        (?, ?, ?, ?, ?, ?, ?, 'Jabon')
Hibernate: 
    select
        last_insert_rowid()
Hibernate: 
    insert 
    into
        ingredientes
        (cantidad, elemento, jabon_id) 
    values
        (?, ?, ?)
Hibernate: 
    select
        last_insert_rowid()
Hibernate: 
    insert 
    into
        ingredientes
        (cantidad, elemento, jabon_id) 
    values
        (?, ?, ?)
Hibernate: 
    select
        last_insert_rowid()
Hibernate: 
    insert 
    into
        ingredientes
        (cantidad, elemento, jabon_id) 
    values
        (?, ?, ?)
Hibernate: 
    select
        last_insert_rowid()
Hibernate: 
    insert 
    into
        productos
        (descripcion, imagen_url, nombre, precio, stock, aroma, tipo_de_piel, dtype) 
    values
        (?, ?, ?, ?, ?, ?, ?, 'Jabon')
Hibernate: 
    select
        last_insert_rowid()
Hibernate: 
    insert 
    into
        ingredientes
        (cantidad, elemento, jabon_id) 
    values
        (?, ?, ?)
Hibernate: 
    select
        last_insert_rowid()
Hibernate: 
    insert 
    into
        ingredientes
        (cantidad, elemento, jabon_id) 
    values
        (?, ?, ?)
Hibernate: 
    select
        last_insert_rowid()
Hibernate: 
    insert 
    into
        ingredientes
        (cantidad, elemento, jabon_id) 
    values
        (?, ?, ?)
Hibernate: 
    select
        last_insert_rowid()
Hibernate: 
    insert 
    into
        ingredientes
        (cantidad, elemento, jabon_id) 
    values
        (?, ?, ?)
Hibernate: 
    select
        last_insert_rowid()
Hibernate: 
    insert 
    into
        productos
        (descripcion, imagen_url, nombre, precio, stock, aroma, tipo_de_piel, dtype) 
    values
        (?, ?, ?, ?, ?, ?, ?, 'Jabon')
Hibernate: 
    select
        last_insert_rowid()
Hibernate: 
    insert 
    into
        ingredientes
        (cantidad, elemento, jabon_id) 
    values
        (?, ?, ?)
Hibernate: 
    select
        last_insert_rowid()
Hibernate: 
    insert 
    into
        ingredientes
        (cantidad, elemento, jabon_id) 
    values
        (?, ?, ?)
Hibernate: 
    select
        last_insert_rowid()
Hibernate: 
    insert 
    into
        ingredientes
        (cantidad, elemento, jabon_id) 
    values
        (?, ?, ?)
Hibernate: 
    select
        last_insert_rowid()
Hibernate: 
    insert 
    into
        ingredientes
        (cantidad, elemento, jabon_id) 
    values
        (?, ?, ?)
Hibernate: 
    select
        last_insert_rowid()
Hibernate: 
    insert 
    into
        productos
        (descripcion, imagen_url, nombre, precio, stock, aroma, tipo_de_piel, dtype) 
    values
        (?, ?, ?, ?, ?, ?, ?, 'Jabon')
Hibernate: 
    select
        last_insert_rowid()
Hibernate: 
    insert 
    into
        ingredientes
        (cantidad, elemento, jabon_id) 
    values
        (?, ?, ?)
Hibernate: 
    select
        last_insert_rowid()
Hibernate: 
    insert 
    into
        ingredientes
        (cantidad, elemento, jabon_id) 
    values
        (?, ?, ?)
Hibernate: 
    select
        last_insert_rowid()
Hibernate: 
    insert 
    into
        productos
        (descripcion, imagen_url, nombre, precio, stock, aroma, tipo_de_piel, dtype) 
    values
        (?, ?, ?, ?, ?, ?, ?, 'Jabon')
Hibernate: 
    select
        last_insert_rowid()
Hibernate: 
    insert 
    into
        ingredientes
        (cantidad, elemento, jabon_id) 
    values
        (?, ?, ?)
Hibernate: 
    select
        last_insert_rowid()
Hibernate: 
    insert 
    into
        ingredientes
        (cantidad, elemento, jabon_id) 
    values
        (?, ?, ?)
Hibernate: 
    select
        last_insert_rowid()
Hibernate: 
    insert 
    into
        ingredientes
        (cantidad, elemento, jabon_id) 
    values
        (?, ?, ?)
Hibernate: 
    select
        last_insert_rowid()
Hibernate: 
    insert 
    into
        productos
        (descripcion, imagen_url, nombre, precio, stock, aroma, tipo_de_piel, dtype) 
    values
        (?, ?, ?, ?, ?, ?, ?, 'Jabon')
Hibernate: 
    select
        last_insert_rowid()
Hibernate: 
    insert 
    into
        ingredientes
        (cantidad, elemento, jabon_id) 
    values
        (?, ?, ?)
Hibernate: 
    select
        last_insert_rowid()
Hibernate: 
    insert 
    into
        productos
        (descripcion, imagen_url, nombre, precio, stock, aroma, tipo_de_piel, dtype) 
    values
        (?, ?, ?, ?, ?, ?, ?, 'Jabon')
Hibernate: 
    select
        last_insert_rowid()
Hibernate: 
    insert 
    into
        ingredientes
        (cantidad, elemento, jabon_id) 
    values
        (?, ?, ?)
Hibernate: 
    select
        last_insert_rowid()
Hibernate: 
    insert 
    into
        productos
        (descripcion, imagen_url, nombre, precio, stock, aroma, tipo_de_piel, dtype) 
    values
        (?, ?, ?, ?, ?, ?, ?, 'Jabon')
Hibernate: 
    select
        last_insert_rowid()
Hibernate: 
    insert 
    into
        ingredientes
        (cantidad, elemento, jabon_id) 
    values
        (?, ?, ?)
Hibernate: 
    select
        last_insert_rowid()
Hibernate: 
    insert 
    into
        ingredientes
        (cantidad, elemento, jabon_id) 
    values
        (?, ?, ?)
Hibernate: 
    select
        last_insert_rowid()
Hibernate: 
    insert 
    into
        ingredientes
        (cantidad, elemento, jabon_id) 
    values
        (?, ?, ?)
Hibernate: 
    select
        last_insert_rowid()
Hibernate: 
    insert 
    into
        productos
        (descripcion, imagen_url, nombre, precio, stock, aroma, tipo_de_piel, dtype) 
    values
        (?, ?, ?, ?, ?, ?, ?, 'Jabon')
Hibernate: 
    select
        last_insert_rowid()
Hibernate: 
    insert 
    into
        ingredientes
        (cantidad, elemento, jabon_id) 
    values
        (?, ?, ?)
Hibernate: 
    select
        last_insert_rowid()
Hibernate: 
    insert 
    into
        ingredientes
        (cantidad, elemento, jabon_id) 
    values
        (?, ?, ?)
Hibernate: 
    select
        last_insert_rowid()
Hibernate: 
    insert 
    into
        ingredientes
        (cantidad, elemento, jabon_id) 
    values
        (?, ?, ?)
Hibernate: 
    select
        last_insert_rowid()
Hibernate: 
    insert 
    into
        productos
        (descripcion, imagen_url, nombre, precio, stock, aroma, tipo_de_piel, dtype) 
    values
        (?, ?, ?, ?, ?, ?, ?, 'Jabon')
Hibernate: 
    select
        last_insert_rowid()
Hibernate: 
    insert 
    into
        ingredientes
        (cantidad, elemento, jabon_id) 
    values
        (?, ?, ?)
Hibernate: 
    select
        last_insert_rowid()
Hibernate: 
    insert 
    into
        ingredientes
        (cantidad, elemento, jabon_id) 
    values
        (?, ?, ?)
Hibernate: 
    select
        last_insert_rowid()
Hibernate: 
    insert 
    into
        ingredientes
        (cantidad, elemento, jabon_id) 
    values
        (?, ?, ?)
Hibernate: 
    select
        last_insert_rowid()
Hibernate: 
    insert 
    into
        productos
        (descripcion, imagen_url, nombre, precio, stock, aroma, tipo_de_piel, dtype) 
    values
        (?, ?, ?, ?, ?, ?, ?, 'Jabon')
Hibernate: 
    select
        last_insert_rowid()
Hibernate: 
    insert 
    into
        ingredientes
        (cantidad, elemento, jabon_id) 
    values
        (?, ?, ?)
Hibernate: 
    select
        last_insert_rowid()
Hibernate: 
    insert 
    into
        ingredientes
        (cantidad, elemento, jabon_id) 
    values
        (?, ?, ?)
Hibernate: 
    select
        last_insert_rowid()
Hibernate: 
    insert 
    into
        ingredientes
        (cantidad, elemento, jabon_id) 
    values
        (?, ?, ?)
Hibernate: 
    select
        last_insert_rowid()
Hibernate: 
    insert 
    into
        ingredientes
        (cantidad, elemento, jabon_id) 
    values
        (?, ?, ?)
Hibernate: 
    select
        last_insert_rowid()
Hibernate: 
    insert 
    into
        productos
        (descripcion, imagen_url, nombre, precio, stock, aroma, tipo_de_piel, dtype) 
    values
        (?, ?, ?, ?, ?, ?, ?, 'Jabon')
Hibernate: 
    select
        last_insert_rowid()
Hibernate: 
    insert 
    into
        ingredientes
        (cantidad, elemento, jabon_id) 
    values
        (?, ?, ?)
Hibernate: 
    select
        last_insert_rowid()
Hibernate: 
    insert 
    into
        ingredientes
        (cantidad, elemento, jabon_id) 
    values
        (?, ?, ?)
Hibernate: 
    select
        last_insert_rowid()
Hibernate: 
    insert 
    into
        productos
        (descripcion, imagen_url, nombre, precio, stock, aroma, tipo_de_piel, dtype) 
    values
        (?, ?, ?, ?, ?, ?, ?, 'Jabon')
Hibernate: 
    select
        last_insert_rowid()
Hibernate: 
    insert 
    into
        ingredientes
        (cantidad, elemento, jabon_id) 
    values
        (?, ?, ?)
Hibernate: 
    select
        last_insert_rowid()
Hibernate: 
    insert 
    into
        productos
        (descripcion, imagen_url, nombre, precio, stock, aroma, tipo_de_piel, dtype) 
    values
        (?, ?, ?, ?, ?, ?, ?, 'Jabon')
Hibernate: 
    select
        last_insert_rowid()
Hibernate: 
    insert 
    into
        ingredientes
        (cantidad, elemento, jabon_id) 
    values
        (?, ?, ?)
Hibernate: 
    select
        last_insert_rowid()
Hibernate: 
    insert 
    into
        ingredientes
        (cantidad, elemento, jabon_id) 
    values
        (?, ?, ?)
Hibernate: 
    select
        last_insert_rowid()
Hibernate: 
    insert 
    into
        productos
        (descripcion, imagen_url, nombre, precio, stock, aroma, tipo_de_piel, dtype) 
    values
        (?, ?, ?, ?, ?, ?, ?, 'Jabon')
Hibernate: 
    select
        last_insert_rowid()
Hibernate: 
    insert 
    into
        ingredientes
        (cantidad, elemento, jabon_id) 
    values
        (?, ?, ?)
Hibernate: 
    select
        last_insert_rowid()
Hibernate: 
    insert 
    into
        ingredientes
        (cantidad, elemento, jabon_id) 
    values
        (?, ?, ?)
Hibernate: 
    select
        last_insert_rowid()
Hibernate: 
    insert 
    into
        ingredientes
        (cantidad, elemento, jabon_id) 
    values
        (?, ?, ?)
Hibernate: 
    select
        last_insert_rowid()
Hibernate: 
    insert 
    into
        productos
        (descripcion, imagen_url, nombre, precio, stock, aroma, tipo_de_piel, dtype) 
    values
        (?, ?, ?, ?, ?, ?, ?, 'Jabon')
Hibernate: 
    select
        last_insert_rowid()
Hibernate: 
    insert 
    into
        ingredientes
        (cantidad, elemento, jabon_id) 
    values
        (?, ?, ?)
Hibernate: 
    select
        last_insert_rowid()
Hibernate: 
    insert 
    into
        productos
        (descripcion, imagen_url, nombre, precio, stock, aroma, tipo_de_piel, dtype) 
    values
        (?, ?, ?, ?, ?, ?, ?, 'Jabon')
Hibernate: 
    select
        last_insert_rowid()
Hibernate: 
    insert 
    into
        ingredientes
        (cantidad, elemento, jabon_id) 
    values
        (?, ?, ?)
Hibernate: 
    select
        last_insert_rowid()
Hibernate: 
    insert 
    into
        ingredientes
        (cantidad, elemento, jabon_id) 
    values
        (?, ?, ?)
Hibernate: 
    select
        last_insert_rowid()
Hibernate: 
    insert 
    into
        ingredientes
        (cantidad, elemento, jabon_id) 
    values
        (?, ?, ?)
Hibernate: 
    select
        last_insert_rowid()
Hibernate: 
    insert 
    into
        productos
        (descripcion, imagen_url, nombre, precio, stock, aroma, tipo_de_piel, dtype) 
    values
        (?, ?, ?, ?, ?, ?, ?, 'Jabon')
Hibernate: 
    select
        last_insert_rowid()
Hibernate: 
    insert 
    into
        ingredientes
        (cantidad, elemento, jabon_id) 
    values
        (?, ?, ?)
Hibernate: 
    select
        last_insert_rowid()
Hibernate: 
    insert 
    into
        ingredientes
        (cantidad, elemento, jabon_id) 
    values
        (?, ?, ?)
Hibernate: 
    select
        last_insert_rowid()
Hibernate: 
    insert 
    into
        productos
        (descripcion, imagen_url, nombre, precio, stock, aroma, tipo_de_piel, dtype) 
    values
        (?, ?, ?, ?, ?, ?, ?, 'Jabon')
Hibernate: 
    select
        last_insert_rowid()
Hibernate: 
    insert 
    into
        ingredientes
        (cantidad, elemento, jabon_id) 
    values
        (?, ?, ?)
Hibernate: 
    select
        last_insert_rowid()
Hibernate: 
    insert 
    into
        productos
        (descripcion, imagen_url, nombre, precio, stock, aroma, tipo_de_piel, dtype) 
    values
        (?, ?, ?, ?, ?, ?, ?, 'Jabon')
Hibernate: 
    select
        last_insert_rowid()
Hibernate: 
    insert 
    into
        ingredientes
        (cantidad, elemento, jabon_id) 
    values
        (?, ?, ?)
Hibernate: 
    select
        last_insert_rowid()
Hibernate: 
    insert 
    into
        ingredientes
        (cantidad, elemento, jabon_id) 
    values
        (?, ?, ?)
Hibernate: 
    select
        last_insert_rowid()
Hibernate: 
    insert 
    into
        ingredientes
        (cantidad, elemento, jabon_id) 
    values
        (?, ?, ?)
Hibernate: 
    select
        last_insert_rowid()
Hibernate: 
    insert 
    into
        productos
        (descripcion, imagen_url, nombre, precio, stock, aroma, tipo_de_piel, dtype) 
    values
        (?, ?, ?, ?, ?, ?, ?, 'Jabon')
Hibernate: 
    select
        last_insert_rowid()
Hibernate: 
    insert 
    into
        ingredientes
        (cantidad, elemento, jabon_id) 
    values
        (?, ?, ?)
Hibernate: 
    select
        last_insert_rowid()
Hibernate: 
    insert 
    into
        productos
        (descripcion, imagen_url, nombre, precio, stock, aroma, tipo_de_piel, dtype) 
    values
        (?, ?, ?, ?, ?, ?, ?, 'Jabon')
Hibernate: 
    select
        last_insert_rowid()
Hibernate: 
    insert 
    into
        ingredientes
        (cantidad, elemento, jabon_id) 
    values
        (?, ?, ?)
Hibernate: 
    select
        last_insert_rowid()
Hibernate: 
    insert 
    into
        ingredientes
        (cantidad, elemento, jabon_id) 
    values
        (?, ?, ?)
Hibernate: 
    select
        last_insert_rowid()
Hibernate: 
    insert 
    into
        productos
        (descripcion, imagen_url, nombre, precio, stock, aroma, tipo_de_piel, dtype) 
    values
        (?, ?, ?, ?, ?, ?, ?, 'Jabon')
Hibernate: 
    select
        last_insert_rowid()
Hibernate: 
    insert 
    into
        ingredientes
        (cantidad, elemento, jabon_id) 
    values
        (?, ?, ?)
Hibernate: 
    select
        last_insert_rowid()
Hibernate: 
    insert 
    into
        ingredientes
        (cantidad, elemento, jabon_id) 
    values
        (?, ?, ?)
Hibernate: 
    select
        last_insert_rowid()
Hibernate: 
    insert 
    into
        ingredientes
        (cantidad, elemento, jabon_id) 
    values
        (?, ?, ?)
Hibernate: 
    select
        last_insert_rowid()
Hibernate: 
    insert 
    into
        productos
        (descripcion, imagen_url, nombre, precio, stock, aroma, tipo_de_piel, dtype) 
    values
        (?, ?, ?, ?, ?, ?, ?, 'Jabon')
Hibernate: 
    select
        last_insert_rowid()
Hibernate: 
    insert 
    into
        ingredientes
        (cantidad, elemento, jabon_id) 
    values
        (?, ?, ?)
Hibernate: 
    select
        last_insert_rowid()
Hibernate: 
    insert 
    into
        ingredientes
        (cantidad, elemento, jabon_id) 
    values
        (?, ?, ?)
Hibernate: 
    select
        last_insert_rowid()
Hibernate: 
    insert 
    into
        ingredientes
        (cantidad, elemento, jabon_id) 
    values
        (?, ?, ?)
Hibernate: 
    select
        last_insert_rowid()
Hibernate: 
    insert 
    into
        ingredientes
        (cantidad, elemento, jabon_id) 
    values
        (?, ?, ?)
Hibernate: 
    select
        last_insert_rowid()
Hibernate: 
    insert 
    into
        productos
        (descripcion, imagen_url, nombre, precio, stock, aroma, tipo_de_piel, dtype) 
    values
        (?, ?, ?, ?, ?, ?, ?, 'Jabon')
Hibernate: 
    select
        last_insert_rowid()
Hibernate: 
    insert 
    into
        ingredientes
        (cantidad, elemento, jabon_id) 
    values
        (?, ?, ?)
Hibernate: 
    select
        last_insert_rowid()
Hibernate: 
    insert 
    into
        ingredientes
        (cantidad, elemento, jabon_id) 
    values
        (?, ?, ?)
Hibernate: 
    select
        last_insert_rowid()
Hibernate: 
    insert 
    into
        ingredientes
        (cantidad, elemento, jabon_id) 
    values
        (?, ?, ?)
Hibernate: 
    select
        last_insert_rowid()
Hibernate: 
    insert 
    into
        ingredientes
        (cantidad, elemento, jabon_id) 
    values
        (?, ?, ?)
Hibernate: 
    select
        last_insert_rowid()
Hibernate: 
    insert 
    into
        productos
        (descripcion, imagen_url, nombre, precio, stock, aroma, tipo_de_piel, dtype) 
    values
        (?, ?, ?, ?, ?, ?, ?, 'Jabon')
Hibernate: 
    select
        last_insert_rowid()
Hibernate: 
    insert 
    into
        ingredientes
        (cantidad, elemento, jabon_id) 
    values
        (?, ?, ?)
Hibernate: 
    select
        last_insert_rowid()
Hibernate: 
    insert 
    into
        ingredientes
        (cantidad, elemento, jabon_id) 
    values
        (?, ?, ?)
Hibernate: 
    select
        last_insert_rowid()
Hibernate: 
    insert 
    into
        ingredientes
        (cantidad, elemento, jabon_id) 
    values
        (?, ?, ?)
Hibernate: 
    select
        last_insert_rowid()
Hibernate: 
    insert 
    into
        ingredientes
        (cantidad, elemento, jabon_id) 
    values
        (?, ?, ?)
Hibernate: 
    select
        last_insert_rowid()
Hibernate: 
    insert 
    into
        productos
        (descripcion, imagen_url, nombre, precio, stock, aroma, tipo_de_piel, dtype) 
    values
        (?, ?, ?, ?, ?, ?, ?, 'Jabon')
Hibernate: 
    select
        last_insert_rowid()
Hibernate: 
    insert 
    into
        ingredientes
        (cantidad, elemento, jabon_id) 
    values
        (?, ?, ?)
Hibernate: 
    select
        last_insert_rowid()
Hibernate: 
    insert 
    into
        ingredientes
        (cantidad, elemento, jabon_id) 
    values
        (?, ?, ?)
Hibernate: 
    select
        last_insert_rowid()
Hibernate: 
    insert 
    into
        ingredientes
        (cantidad, elemento, jabon_id) 
    values
        (?, ?, ?)
Hibernate: 
    select
        last_insert_rowid()
Hibernate: 
    insert 
    into
        productos
        (descripcion, imagen_url, nombre, precio, stock, aroma, tipo_de_piel, dtype) 
    values
        (?, ?, ?, ?, ?, ?, ?, 'Jabon')
Hibernate: 
    select
        last_insert_rowid()
Hibernate: 
    insert 
    into
        ingredientes
        (cantidad, elemento, jabon_id) 
    values
        (?, ?, ?)
Hibernate: 
    select
        last_insert_rowid()
Hibernate: 
    insert 
    into
        productos
        (descripcion, imagen_url, nombre, precio, stock, aroma, tipo_de_piel, dtype) 
    values
        (?, ?, ?, ?, ?, ?, ?, 'Jabon')
Hibernate: 
    select
        last_insert_rowid()
Hibernate: 
    insert 
    into
        ingredientes
        (cantidad, elemento, jabon_id) 
    values
        (?, ?, ?)
Hibernate: 
    select
        last_insert_rowid()
Hibernate: 
    insert 
    into
        ingredientes
        (cantidad, elemento, jabon_id) 
    values
        (?, ?, ?)
Hibernate: 
    select
        last_insert_rowid()
Hibernate: 
    insert 
    into
        ingredientes
        (cantidad, elemento, jabon_id) 
    values
        (?, ?, ?)
Hibernate: 
    select
        last_insert_rowid()
Hibernate: 
    insert 
    into
        ingredientes
        (cantidad, elemento, jabon_id) 
    values
        (?, ?, ?)
Hibernate: 
    select
        last_insert_rowid()
Hibernate: 
    insert 
    into
        productos
        (descripcion, imagen_url, nombre, precio, stock, aroma, tipo_de_piel, dtype) 
    values
        (?, ?, ?, ?, ?, ?, ?, 'Jabon')
Hibernate: 
    select
        last_insert_rowid()
Hibernate: 
    insert 
    into
        ingredientes
        (cantidad, elemento, jabon_id) 
    values
        (?, ?, ?)
Hibernate: 
    select
        last_insert_rowid()
Hibernate: 
    insert 
    into
        ingredientes
        (cantidad, elemento, jabon_id) 
    values
        (?, ?, ?)
Hibernate: 
    select
        last_insert_rowid()
Hibernate: 
    insert 
    into
        ingredientes
        (cantidad, elemento, jabon_id) 
    values
        (?, ?, ?)
Hibernate: 
    select
        last_insert_rowid()
Hibernate: 
    insert 
    into
        ingredientes
        (cantidad, elemento, jabon_id) 
    values
        (?, ?, ?)
Hibernate: 
    select
        last_insert_rowid()
Hibernate: 
    insert 
    into
        productos
        (descripcion, imagen_url, nombre, precio, stock, aroma, tipo_de_piel, dtype) 
    values
        (?, ?, ?, ?, ?, ?, ?, 'Jabon')
Hibernate: 
    select
        last_insert_rowid()
Hibernate: 
    insert 
    into
        ingredientes
        (cantidad, elemento, jabon_id) 
    values
        (?, ?, ?)
Hibernate: 
    select
        last_insert_rowid()
Hibernate: 
    insert 
    into
        productos
        (descripcion, imagen_url, nombre, precio, stock, aroma, tipo_de_piel, dtype) 
    values
        (?, ?, ?, ?, ?, ?, ?, 'Jabon')
Hibernate: 
    select
        last_insert_rowid()
Hibernate: 
    insert 
    into
        ingredientes
        (cantidad, elemento, jabon_id) 
    values
        (?, ?, ?)
Hibernate: 
    select
        last_insert_rowid()
Hibernate: 
    insert 
    into
        ingredientes
        (cantidad, elemento, jabon_id) 
    values
        (?, ?, ?)
Hibernate: 
    select
        last_insert_rowid()
Hibernate: 
    insert 
    into
        ingredientes
        (cantidad, elemento, jabon_id) 
    values
        (?, ?, ?)
Hibernate: 
    select
        last_insert_rowid()
Hibernate: 
    insert 
    into
        productos
        (descripcion, imagen_url, nombre, precio, stock, aroma, tipo_de_piel, dtype) 
    values
        (?, ?, ?, ?, ?, ?, ?, 'Jabon')
Hibernate: 
    select
        last_insert_rowid()
Hibernate: 
    insert 
    into
        ingredientes
        (cantidad, elemento, jabon_id) 
    values
        (?, ?, ?)
Hibernate: 
    select
        last_insert_rowid()
Hibernate: 
    insert 
    into
        ingredientes
        (cantidad, elemento, jabon_id) 
    values
        (?, ?, ?)
Hibernate: 
    select
        last_insert_rowid()
Hibernate: 
    insert 
    into
        ingredientes
        (cantidad, elemento, jabon_id) 
    values
        (?, ?, ?)
Hibernate: 
    select
        last_insert_rowid()
Hibernate: 
    insert 
    into
        productos
        (descripcion, imagen_url, nombre, precio, stock, aroma, tipo_de_piel, dtype) 
    values
        (?, ?, ?, ?, ?, ?, ?, 'Jabon')
Hibernate: 
    select
        last_insert_rowid()
Hibernate: 
    insert 
    into
        ingredientes
        (cantidad, elemento, jabon_id) 
    values
        (?, ?, ?)
Hibernate: 
    select
        last_insert_rowid()
Hibernate: 
    insert 
    into
        ingredientes
        (cantidad, elemento, jabon_id) 
    values
        (?, ?, ?)
Hibernate: 
    select
        last_insert_rowid()
Hibernate: 
    insert 
    into
        ingredientes
        (cantidad, elemento, jabon_id) 
    values
        (?, ?, ?)
Hibernate: 
    select
        last_insert_rowid()
Hibernate: 
    insert 
    into
        productos
        (descripcion, imagen_url, nombre, precio, stock, aroma, tipo_de_piel, dtype) 
    values
        (?, ?, ?, ?, ?, ?, ?, 'Jabon')
Hibernate: 
    select
        last_insert_rowid()
Hibernate: 
    insert 
    into
        ingredientes
        (cantidad, elemento, jabon_id) 
    values
        (?, ?, ?)
Hibernate: 
    select
        last_insert_rowid()
Hibernate: 
    insert 
    into
        ingredientes
        (cantidad, elemento, jabon_id) 
    values
        (?, ?, ?)
Hibernate: 
    select
        last_insert_rowid()
Hibernate: 
    insert 
    into
        productos
        (descripcion, imagen_url, nombre, precio, stock, aroma, tipo_de_piel, dtype) 
    values
        (?, ?, ?, ?, ?, ?, ?, 'Jabon')
Hibernate: 
    select
        last_insert_rowid()
Hibernate: 
    insert 
    into
        ingredientes
        (cantidad, elemento, jabon_id) 
    values
        (?, ?, ?)
Hibernate: 
    select
        last_insert_rowid()
Hibernate: 
    insert 
    into
        ingredientes
        (cantidad, elemento, jabon_id) 
    values
        (?, ?, ?)
Hibernate: 
    select
        last_insert_rowid()
Hibernate: 
    insert 
    into
        productos
        (descripcion, imagen_url, nombre, precio, stock, aroma, tipo_de_piel, dtype) 
    values
        (?, ?, ?, ?, ?, ?, ?, 'Jabon')
Hibernate: 
    select
        last_insert_rowid()
Hibernate: 
    insert 
    into
        ingredientes
        (cantidad, elemento, jabon_id) 
    values
        (?, ?, ?)
Hibernate: 
    select
        last_insert_rowid()
Hibernate: 
    insert 
    into
        ingredientes
        (cantidad, elemento, jabon_id) 
    values
        (?, ?, ?)
Hibernate: 
    select
        last_insert_rowid()
Hibernate: 
    insert 
    into
        ingredientes
        (cantidad, elemento, jabon_id) 
    values
        (?, ?, ?)
Hibernate: 
    select
        last_insert_rowid()
Hibernate: 
    insert 
    into
        productos
        (descripcion, imagen_url, nombre, precio, stock, aroma, tipo_de_piel, dtype) 
    values
        (?, ?, ?, ?, ?, ?, ?, 'Jabon')
Hibernate: 
    select
        last_insert_rowid()
Hibernate: 
    insert 
    into
        ingredientes
        (cantidad, elemento, jabon_id) 
    values
        (?, ?, ?)
Hibernate: 
    select
        last_insert_rowid()
Hibernate: 
    insert 
    into
        ingredientes
        (cantidad, elemento, jabon_id) 
    values
        (?, ?, ?)
Hibernate: 
    select
        last_insert_rowid()
Hibernate: 
    insert 
    into
        ingredientes
        (cantidad, elemento, jabon_id) 
    values
        (?, ?, ?)
Hibernate: 
    select
        last_insert_rowid()
Hibernate: 
    insert 
    into
        ingredientes
        (cantidad, elemento, jabon_id) 
    values
        (?, ?, ?)
Hibernate: 
    select
        last_insert_rowid()
Hibernate: 
    insert 
    into
        productos
        (descripcion, imagen_url, nombre, precio, stock, aroma, tipo_de_piel, dtype) 
    values
        (?, ?, ?, ?, ?, ?, ?, 'Jabon')
Hibernate: 
    select
        last_insert_rowid()
Hibernate: 
    insert 
    into
        ingredientes
        (cantidad, elemento, jabon_id) 
    values
        (?, ?, ?)
Hibernate: 
    select
        last_insert_rowid()
Hibernate: 
    insert 
    into
        ingredientes
        (cantidad, elemento, jabon_id) 
    values
        (?, ?, ?)
Hibernate: 
    select
        last_insert_rowid()
Hibernate: 
    insert 
    into
        ingredientes
        (cantidad, elemento, jabon_id) 
    values
        (?, ?, ?)
Hibernate: 
    select
        last_insert_rowid()
Hibernate: 
    insert 
    into
        productos
        (descripcion, imagen_url, nombre, precio, stock, aroma, tipo_de_piel, dtype) 
    values
        (?, ?, ?, ?, ?, ?, ?, 'Jabon')
Hibernate: 
    select
        last_insert_rowid()
Hibernate: 
    insert 
    into
        ingredientes
        (cantidad, elemento, jabon_id) 
    values
        (?, ?, ?)
Hibernate: 
    select
        last_insert_rowid()
Hibernate: 
    insert 
    into
        ingredientes
        (cantidad, elemento, jabon_id) 
    values
        (?, ?, ?)
Hibernate: 
    select
        last_insert_rowid()
Hibernate: 
    insert 
    into
        ingredientes
        (cantidad, elemento, jabon_id) 
    values
        (?, ?, ?)
Hibernate: 
    select
        last_insert_rowid()
Hibernate: 
    insert 
    into
        productos
        (descripcion, imagen_url, nombre, precio, stock, aroma, tipo_de_piel, dtype) 
    values
        (?, ?, ?, ?, ?, ?, ?, 'Jabon')
Hibernate: 
    select
        last_insert_rowid()
Hibernate: 
    insert 
    into
        ingredientes
        (cantidad, elemento, jabon_id) 
    values
        (?, ?, ?)
Hibernate: 
    select
        last_insert_rowid()
Hibernate: 
    insert 
    into
        ingredientes
        (cantidad, elemento, jabon_id) 
    values
        (?, ?, ?)
Hibernate: 
    select
        last_insert_rowid()
Hibernate: 
    insert 
    into
        productos
        (descripcion, imagen_url, nombre, precio, stock, aroma, tipo_de_piel, dtype) 
    values
        (?, ?, ?, ?, ?, ?, ?, 'Jabon')
Hibernate: 
    select
        last_insert_rowid()
Hibernate: 
    insert 
    into
        ingredientes
        (cantidad, elemento, jabon_id) 
    values
        (?, ?, ?)
Hibernate: 
    select
        last_insert_rowid()
Hibernate: 
    insert 
    into
        ingredientes
        (cantidad, elemento, jabon_id) 
    values
        (?, ?, ?)
Hibernate: 
    select
        last_insert_rowid()
Hibernate: 
    insert 
    into
        productos
        (descripcion, imagen_url, nombre, precio, stock, aroma, tipo_de_piel, dtype) 
    values
        (?, ?, ?, ?, ?, ?, ?, 'Jabon')
Hibernate: 
    select
        last_insert_rowid()
Hibernate: 
    insert 
    into
        ingredientes
        (cantidad, elemento, jabon_id) 
    values
        (?, ?, ?)
Hibernate: 
    select
        last_insert_rowid()
Hibernate: 
    insert 
    into
        ingredientes
        (cantidad, elemento, jabon_id) 
    values
        (?, ?, ?)
Hibernate: 
    select
        last_insert_rowid()
Hibernate: 
    insert 
    into
        ingredientes
        (cantidad, elemento, jabon_id) 
    values
        (?, ?, ?)
Hibernate: 
    select
        last_insert_rowid()
Hibernate: 
    insert 
    into
        productos
        (descripcion, imagen_url, nombre, precio, stock, aroma, tipo_de_piel, dtype) 
    values
        (?, ?, ?, ?, ?, ?, ?, 'Jabon')
Hibernate: 
    select
        last_insert_rowid()
Hibernate: 
    insert 
    into
        ingredientes
        (cantidad, elemento, jabon_id) 
    values
        (?, ?, ?)
Hibernate: 
    select
        last_insert_rowid()
Hibernate: 
    insert 
    into
        productos
        (descripcion, imagen_url, nombre, precio, stock, aroma, tipo_de_piel, dtype) 
    values
        (?, ?, ?, ?, ?, ?, ?, 'Jabon')
Hibernate: 
    select
        last_insert_rowid()
Hibernate: 
    insert 
    into
        ingredientes
        (cantidad, elemento, jabon_id) 
    values
        (?, ?, ?)
Hibernate: 
    select
        last_insert_rowid()
Hibernate: 
    insert 
    into
        ingredientes
        (cantidad, elemento, jabon_id) 
    values
        (?, ?, ?)
Hibernate: 
    select
        last_insert_rowid()
Hibernate: 
    insert 
    into
        ingredientes
        (cantidad, elemento, jabon_id) 
    values
        (?, ?, ?)
Hibernate: 
    select
        last_insert_rowid()
Hibernate: 
    insert 
    into
        ingredientes
        (cantidad, elemento, jabon_id) 
    values
        (?, ?, ?)
Hibernate: 
    select
        last_insert_rowid()
Hibernate: 
    insert 
    into
        productos
        (descripcion, imagen_url, nombre, precio, stock, aroma, tipo_de_piel, dtype) 
    values
        (?, ?, ?, ?, ?, ?, ?, 'Jabon')
Hibernate: 
    select
        last_insert_rowid()
Hibernate: 
    insert 
    into
        ingredientes
        (cantidad, elemento, jabon_id) 
    values
        (?, ?, ?)
Hibernate: 
    select
        last_insert_rowid()
Hibernate: 
    insert 
    into
        productos
        (descripcion, imagen_url, nombre, precio, stock, aroma, tipo_de_piel, dtype) 
    values
        (?, ?, ?, ?, ?, ?, ?, 'Jabon')
Hibernate: 
    select
        last_insert_rowid()
Hibernate: 
    insert 
    into
        ingredientes
        (cantidad, elemento, jabon_id) 
    values
        (?, ?, ?)
Hibernate: 
    select
        last_insert_rowid()
Hibernate: 
    insert 
    into
        ingredientes
        (cantidad, elemento, jabon_id) 
    values
        (?, ?, ?)
Hibernate: 
    select
        last_insert_rowid()
Hibernate: 
    insert 
    into
        ingredientes
        (cantidad, elemento, jabon_id) 
    values
        (?, ?, ?)
Hibernate: 
    select
        last_insert_rowid()
Hibernate: 
    insert 
    into
        productos
        (descripcion, imagen_url, nombre, precio, stock, aroma, tipo_de_piel, dtype) 
    values
        (?, ?, ?, ?, ?, ?, ?, 'Jabon')
Hibernate: 
    select
        last_insert_rowid()
Hibernate: 
    insert 
    into
        ingredientes
        (cantidad, elemento, jabon_id) 
    values
        (?, ?, ?)
Hibernate: 
    select
        last_insert_rowid()
Hibernate: 
    insert 
    into
        ingredientes
        (cantidad, elemento, jabon_id) 
    values
        (?, ?, ?)
Hibernate: 
    select
        last_insert_rowid()
Hibernate: 
    insert 
    into
        productos
        (descripcion, imagen_url, nombre, precio, stock, aroma, tipo_de_piel, dtype) 
    values
        (?, ?, ?, ?, ?, ?, ?, 'Jabon')
Hibernate: 
    select
        last_insert_rowid()
Hibernate: 
    insert 
    into
        ingredientes
        (cantidad, elemento, jabon_id) 
    values
        (?, ?, ?)
Hibernate: 
    select
        last_insert_rowid()
Hibernate: 
    insert 
    into
        productos
        (descripcion, imagen_url, nombre, precio, stock, aroma, tipo_de_piel, dtype) 
    values
        (?, ?, ?, ?, ?, ?, ?, 'Jabon')
Hibernate: 
    select
        last_insert_rowid()
Hibernate: 
    insert 
    into
        ingredientes
        (cantidad, elemento, jabon_id) 
    values
        (?, ?, ?)
Hibernate: 
    select
        last_insert_rowid()
Hibernate: 
    insert 
    into
        ingredientes
        (cantidad, elemento, jabon_id) 
    values
        (?, ?, ?)
Hibernate: 
    select
        last_insert_rowid()
Hibernate: 
    insert 
    into
        ingredientes
        (cantidad, elemento, jabon_id) 
    values
        (?, ?, ?)
Hibernate: 
    select
        last_insert_rowid()
Hibernate: 
    insert 
    into
        productos
        (descripcion, imagen_url, nombre, precio, stock, aroma, tipo_de_piel, dtype) 
    values
        (?, ?, ?, ?, ?, ?, ?, 'Jabon')
Hibernate: 
    select
        last_insert_rowid()
Hibernate: 
    insert 
    into
        ingredientes
        (cantidad, elemento, jabon_id) 
    values
        (?, ?, ?)
Hibernate: 
    select
        last_insert_rowid()
Hibernate: 
    insert 
    into
        ingredientes
        (cantidad, elemento, jabon_id) 
    values
        (?, ?, ?)
Hibernate: 
    select
        last_insert_rowid()
Hibernate: 
    insert 
    into
        productos
        (descripcion, imagen_url, nombre, precio, stock, aroma, tipo_de_piel, dtype) 
    values
        (?, ?, ?, ?, ?, ?, ?, 'Jabon')
Hibernate: 
    select
        last_insert_rowid()
Hibernate: 
    insert 
    into
        ingredientes
        (cantidad, elemento, jabon_id) 
    values
        (?, ?, ?)
Hibernate: 
    select
        last_insert_rowid()
Hibernate: 
    insert 
    into
        ingredientes
        (cantidad, elemento, jabon_id) 
    values
        (?, ?, ?)
Hibernate: 
    select
        last_insert_rowid()
Hibernate: 
    insert 
    into
        ingredientes
        (cantidad, elemento, jabon_id) 
    values
        (?, ?, ?)
Hibernate: 
    select
        last_insert_rowid()
Hibernate: 
    insert 
    into
        productos
        (descripcion, imagen_url, nombre, precio, stock, aroma, tipo_de_piel, dtype) 
    values
        (?, ?, ?, ?, ?, ?, ?, 'Jabon')
Hibernate: 
    select
        last_insert_rowid()
Hibernate: 
    insert 
    into
        ingredientes
        (cantidad, elemento, jabon_id) 
    values
        (?, ?, ?)
Hibernate: 
    select
        last_insert_rowid()
Hibernate: 
    insert 
    into
        ingredientes
        (cantidad, elemento, jabon_id) 
    values
        (?, ?, ?)
Hibernate: 
    select
        last_insert_rowid()
Hibernate: 
    insert 
    into
        ingredientes
        (cantidad, elemento, jabon_id) 
    values
        (?, ?, ?)
Hibernate: 
    select
        last_insert_rowid()
Hibernate: 
    insert 
    into
        ingredientes
        (cantidad, elemento, jabon_id) 
    values
        (?, ?, ?)
Hibernate: 
    select
        last_insert_rowid()
Hibernate: 
    insert 
    into
        productos
        (descripcion, imagen_url, nombre, precio, stock, aroma, tipo_de_piel, dtype) 
    values
        (?, ?, ?, ?, ?, ?, ?, 'Jabon')
Hibernate: 
    select
        last_insert_rowid()
Hibernate: 
    insert 
    into
        ingredientes
        (cantidad, elemento, jabon_id) 
    values
        (?, ?, ?)
Hibernate: 
    select
        last_insert_rowid()
Hibernate: 
    insert 
    into
        ingredientes
        (cantidad, elemento, jabon_id) 
    values
        (?, ?, ?)
Hibernate: 
    select
        last_insert_rowid()
Hibernate: 
    insert 
    into
        ingredientes
        (cantidad, elemento, jabon_id) 
    values
        (?, ?, ?)
Hibernate: 
    select
        last_insert_rowid()
Hibernate: 
    insert 
    into
        productos
        (descripcion, imagen_url, nombre, precio, stock, aroma, tipo_de_piel, dtype) 
    values
        (?, ?, ?, ?, ?, ?, ?, 'Jabon')
Hibernate: 
    select
        last_insert_rowid()
Hibernate: 
    insert 
    into
        ingredientes
        (cantidad, elemento, jabon_id) 
    values
        (?, ?, ?)
Hibernate: 
    select
        last_insert_rowid()
Hibernate: 
    insert 
    into
        ingredientes
        (cantidad, elemento, jabon_id) 
    values
        (?, ?, ?)
Hibernate: 
    select
        last_insert_rowid()
Hibernate: 
    insert 
    into
        ingredientes
        (cantidad, elemento, jabon_id) 
    values
        (?, ?, ?)
Hibernate: 
    select
        last_insert_rowid()
Hibernate: 
    insert 
    into
        productos
        (descripcion, imagen_url, nombre, precio, stock, aroma, tipo_de_piel, dtype) 
    values
        (?, ?, ?, ?, ?, ?, ?, 'Jabon')
Hibernate: 
    select
        last_insert_rowid()
Hibernate: 
    insert 
    into
        ingredientes
        (cantidad, elemento, jabon_id) 
    values
        (?, ?, ?)
Hibernate: 
    select
        last_insert_rowid()
Hibernate: 
    insert 
    into
        ingredientes
        (cantidad, elemento, jabon_id) 
    values
        (?, ?, ?)
Hibernate: 
    select
        last_insert_rowid()
Hibernate: 
    insert 
    into
        ingredientes
        (cantidad, elemento, jabon_id) 
    values
        (?, ?, ?)
Hibernate: 
    select
        last_insert_rowid()
Hibernate: 
    insert 
    into
        ingredientes
        (cantidad, elemento, jabon_id) 
    values
        (?, ?, ?)
Hibernate: 
    select
        last_insert_rowid()
Hibernate: 
    insert 
    into
        productos
        (descripcion, imagen_url, nombre, precio, stock, aroma, tipo_de_piel, dtype) 
    values
        (?, ?, ?, ?, ?, ?, ?, 'Jabon')
Hibernate: 
    select
        last_insert_rowid()
Hibernate: 
    insert 
    into
        ingredientes
        (cantidad, elemento, jabon_id) 
    values
        (?, ?, ?)
Hibernate: 
    select
        last_insert_rowid()
Hibernate: 
    insert 
    into
        ingredientes
        (cantidad, elemento, jabon_id) 
    values
        (?, ?, ?)
Hibernate: 
    select
        last_insert_rowid()
Hibernate: 
    insert 
    into
        ingredientes
        (cantidad, elemento, jabon_id) 
    values
        (?, ?, ?)
Hibernate: 
    select
        last_insert_rowid()
Hibernate: 
    insert 
    into
        ingredientes
        (cantidad, elemento, jabon_id) 
    values
        (?, ?, ?)
Hibernate: 
    select
        last_insert_rowid()
]]></system-out>
    <system-err><![CDATA[WARNING: A Java agent has been loaded dynamically (/home/ehko/.m2/repository/net/bytebuddy/byte-buddy-agent/1.14.10/byte-buddy-agent-1.14.10.jar)
WARNING: If a serviceability tool is in use, please run with -XX:+EnableDynamicAgentLoading to hide this warning
WARNING: If a serviceability tool is not in use, please run with -Djdk.instrument.traceUsage for more information
WARNING: Dynamic loading of agents will be disallowed by default in a future release
]]></system-err>
  </testcase>
</testsuite>